<?xml version="1.0" encoding="UTF-8"?>
<!-- Generated by org.testng.reporters.JUnitXMLReporter -->
<testsuite hostname="LAPTOP-O654JP8L" name="Regression" tests="21" failures="0" timestamp="6 Mar 2018 22:57:15 GMT" time="6.339" errors="0">
  <testcase name="healthCheck" time="1.328" classname="com.qa.test.ServerHealthCheckTest"/>
  <testcase name="versionInfo" time="0.017" classname="com.qa.test.ServerVersionInfoTest"/>
  <testcase name="testGetProductById" time="0.606" classname="com.qa.test.GetCallProductTest"/>
  <testcase name="testGetAllProduct" time="0.315" classname="com.qa.test.GetCallProductTest"/>
  <testcase name="testGetAllProductWithLimit" time="0.285" classname="com.qa.test.GetCallProductTest"/>
  <testcase name="testGetAllProductSkipByThResult" time="0.339" classname="com.qa.test.GetCallProductTest"/>
  <testcase name="testGetAllProductSortDesc" time="0.393" classname="com.qa.test.GetCallProductTest"/>
  <testcase name="testGetAllProductSortAsec" time="0.335" classname="com.qa.test.GetCallProductTest"/>
  <testcase name="testGetAllProductButOnlyNameAndPrice" time="0.062" classname="com.qa.test.GetCallProductTest"/>
  <testcase name="testGetAllProductSelectByType" time="0.268" classname="com.qa.test.GetCallProductTest"/>
  <testcase name="testGetAllProductPricelte1" time="0.084" classname="com.qa.test.GetCallProductTest"/>
  <testcase name="testGetAllProductNameHavingStarWarsAndPriceLT30" time="0.083" classname="com.qa.test.GetCallProductTest"/>
  <testcase name="testGetAllProductWithPriceEitherOR" time="0.075" classname="com.qa.test.GetCallProductTest"/>
  <testcase name="testGetAllProductWithPriceGT10" time="0.076" classname="com.qa.test.GetCallProductTest"/>
  <testcase name="testGetAllProductTypeNeitherNor" time="0.095" classname="com.qa.test.GetCallProductTest"/>
  <testcase name="testGetAllProductCategoryNameCoffeePods" time="0.343" classname="com.qa.test.GetCallProductTest"/>
  <testcase name="testGetAllProductByLimitAndSkip" time="0.276" classname="com.qa.test.GetCallProductTest"/>
  <testcase name="testGetAllProductByCategoryID" time="0.075" classname="com.qa.test.GetCallProductTest"/>
  <testcase name="postCallProduct" time="0.333" classname="com.qa.test.PostCallProductTest"/>
  <testcase name="putCallProduct" time="0.185" classname="com.qa.test.PutCallProductTest"/>
  <testcase name="testDelete" time="0.164" classname="com.qa.test.DeleteCallProduct"/>
</testsuite> <!-- Regression -->
