<?xml version="1.0" encoding="UTF-8"?>
<testng-results skipped="0" failed="0" total="21" passed="21">
  <reporter-output>
  </reporter-output>
  <suite name="Suite" duration-ms="6339" started-at="2018-03-06T22:57:08Z" finished-at="2018-03-06T22:57:15Z">
    <groups>
    </groups>
    <test name="Regression" duration-ms="6339" started-at="2018-03-06T22:57:08Z" finished-at="2018-03-06T22:57:15Z">
      <class name="com.qa.test.PostCallProductTest">
        <test-method status="PASS" signature="setupRequestSpecBuilder()[pri:0, instance:com.qa.test.PostCallProductTest@17f6480]" name="setupRequestSpecBuilder" is-config="true" duration-ms="3" started-at="2018-03-06T23:57:14Z" finished-at="2018-03-06T23:57:14Z">
          <reporter-output>
          </reporter-output>
        </test-method> <!-- setupRequestSpecBuilder -->
        <test-method status="PASS" signature="postCallProduct()[pri:0, instance:com.qa.test.PostCallProductTest@17f6480]" name="postCallProduct" duration-ms="333" started-at="2018-03-06T23:57:14Z" finished-at="2018-03-06T23:57:14Z">
          <reporter-output>
          </reporter-output>
        </test-method> <!-- postCallProduct -->
      </class> <!-- com.qa.test.PostCallProductTest -->
      <class name="com.qa.test.ServerVersionInfoTest">
        <test-method status="PASS" signature="versionInfo()[pri:0, instance:com.qa.test.ServerVersionInfoTest@506e6d5e]" name="versionInfo" duration-ms="17" started-at="2018-03-06T23:57:10Z" finished-at="2018-03-06T23:57:10Z">
          <reporter-output>
          </reporter-output>
        </test-method> <!-- versionInfo -->
      </class> <!-- com.qa.test.ServerVersionInfoTest -->
      <class name="com.qa.test.ServerHealthCheckTest">
        <test-method status="PASS" signature="healthCheck()[pri:0, instance:com.qa.test.ServerHealthCheckTest@2d6e8792]" name="healthCheck" duration-ms="1328" started-at="2018-03-06T23:57:09Z" finished-at="2018-03-06T23:57:10Z">
          <reporter-output>
          </reporter-output>
        </test-method> <!-- healthCheck -->
      </class> <!-- com.qa.test.ServerHealthCheckTest -->
      <class name="com.qa.test.DeleteCallProduct">
        <test-method status="PASS" signature="setup()[pri:0, instance:com.qa.test.DeleteCallProduct@34ce8af7]" name="setup" is-config="true" duration-ms="439" started-at="2018-03-06T23:57:08Z" finished-at="2018-03-06T23:57:09Z">
          <reporter-output>
          </reporter-output>
        </test-method> <!-- setup -->
        <test-method status="PASS" signature="putdata()[pri:0, instance:com.qa.test.PutCallProductTest@2812cbfa]" name="putdata" is-config="true" duration-ms="0" started-at="2018-03-06T23:57:09Z" finished-at="2018-03-06T23:57:09Z">
          <reporter-output>
          </reporter-output>
        </test-method> <!-- putdata -->
        <test-method status="PASS" signature="setup()[pri:0, instance:com.qa.test.ServerHealthCheckTest@2d6e8792]" name="setup" is-config="true" duration-ms="120" started-at="2018-03-06T23:57:09Z" finished-at="2018-03-06T23:57:09Z">
          <reporter-output>
          </reporter-output>
        </test-method> <!-- setup -->
        <test-method status="PASS" signature="setup()[pri:0, instance:com.qa.test.ServerVersionInfoTest@506e6d5e]" name="setup" is-config="true" duration-ms="1" started-at="2018-03-06T23:57:09Z" finished-at="2018-03-06T23:57:09Z">
          <reporter-output>
          </reporter-output>
        </test-method> <!-- setup -->
        <test-method status="PASS" signature="testDelete()[pri:0, instance:com.qa.test.DeleteCallProduct@34ce8af7]" name="testDelete" duration-ms="164" started-at="2018-03-06T23:57:15Z" finished-at="2018-03-06T23:57:15Z">
          <reporter-output>
          </reporter-output>
        </test-method> <!-- testDelete -->
      </class> <!-- com.qa.test.DeleteCallProduct -->
      <class name="com.qa.test.PutCallProductTest">
        <test-method status="PASS" signature="putCallProduct()[pri:0, instance:com.qa.test.PutCallProductTest@2812cbfa]" name="putCallProduct" duration-ms="185" started-at="2018-03-06T23:57:14Z" finished-at="2018-03-06T23:57:15Z">
          <reporter-output>
          </reporter-output>
        </test-method> <!-- putCallProduct -->
      </class> <!-- com.qa.test.PutCallProductTest -->
      <class name="com.qa.test.GetCallProductTest">
        <test-method status="PASS" signature="setup()[pri:0, instance:com.qa.test.GetCallProductTest@2acf57e3]" name="setup" is-config="true" duration-ms="0" started-at="2018-03-06T23:57:10Z" finished-at="2018-03-06T23:57:10Z">
          <reporter-output>
          </reporter-output>
        </test-method> <!-- setup -->
        <test-method status="PASS" signature="testGetProductById()[pri:0, instance:com.qa.test.GetCallProductTest@2acf57e3]" name="testGetProductById" duration-ms="606" started-at="2018-03-06T23:57:10Z" finished-at="2018-03-06T23:57:11Z">
          <reporter-output>
          </reporter-output>
        </test-method> <!-- testGetProductById -->
        <test-method status="PASS" signature="setupResponseSpecBuilder()[pri:0, instance:com.qa.test.GetCallProductTest@2acf57e3]" name="setupResponseSpecBuilder" is-config="true" duration-ms="0" started-at="2018-03-06T23:57:10Z" finished-at="2018-03-06T23:57:10Z">
          <reporter-output>
          </reporter-output>
        </test-method> <!-- setupResponseSpecBuilder -->
        <test-method status="PASS" signature="testGetAllProduct()[pri:0, instance:com.qa.test.GetCallProductTest@2acf57e3]" name="testGetAllProduct" duration-ms="315" started-at="2018-03-06T23:57:11Z" finished-at="2018-03-06T23:57:11Z">
          <reporter-output>
          </reporter-output>
        </test-method> <!-- testGetAllProduct -->
        <test-method status="PASS" signature="setupResponseSpecBuilder()[pri:0, instance:com.qa.test.GetCallProductTest@2acf57e3]" name="setupResponseSpecBuilder" is-config="true" duration-ms="0" started-at="2018-03-06T23:57:11Z" finished-at="2018-03-06T23:57:11Z">
          <reporter-output>
          </reporter-output>
        </test-method> <!-- setupResponseSpecBuilder -->
        <test-method status="PASS" signature="setupResponseSpecBuilder()[pri:0, instance:com.qa.test.GetCallProductTest@2acf57e3]" name="setupResponseSpecBuilder" is-config="true" duration-ms="0" started-at="2018-03-06T23:57:11Z" finished-at="2018-03-06T23:57:11Z">
          <reporter-output>
          </reporter-output>
        </test-method> <!-- setupResponseSpecBuilder -->
        <test-method status="PASS" signature="testGetAllProductWithLimit()[pri:0, instance:com.qa.test.GetCallProductTest@2acf57e3]" name="testGetAllProductWithLimit" duration-ms="285" started-at="2018-03-06T23:57:11Z" finished-at="2018-03-06T23:57:12Z">
          <reporter-output>
          </reporter-output>
        </test-method> <!-- testGetAllProductWithLimit -->
        <test-method status="PASS" signature="setupResponseSpecBuilder()[pri:0, instance:com.qa.test.GetCallProductTest@2acf57e3]" name="setupResponseSpecBuilder" is-config="true" duration-ms="0" started-at="2018-03-06T23:57:12Z" finished-at="2018-03-06T23:57:12Z">
          <reporter-output>
          </reporter-output>
        </test-method> <!-- setupResponseSpecBuilder -->
        <test-method status="PASS" signature="testGetAllProductSkipByThResult()[pri:0, instance:com.qa.test.GetCallProductTest@2acf57e3]" name="testGetAllProductSkipByThResult" duration-ms="339" started-at="2018-03-06T23:57:12Z" finished-at="2018-03-06T23:57:12Z">
          <reporter-output>
          </reporter-output>
        </test-method> <!-- testGetAllProductSkipByThResult -->
        <test-method status="PASS" signature="setupResponseSpecBuilder()[pri:0, instance:com.qa.test.GetCallProductTest@2acf57e3]" name="setupResponseSpecBuilder" is-config="true" duration-ms="0" started-at="2018-03-06T23:57:12Z" finished-at="2018-03-06T23:57:12Z">
          <reporter-output>
          </reporter-output>
        </test-method> <!-- setupResponseSpecBuilder -->
        <test-method status="PASS" signature="testGetAllProductSortDesc()[pri:0, instance:com.qa.test.GetCallProductTest@2acf57e3]" name="testGetAllProductSortDesc" duration-ms="393" started-at="2018-03-06T23:57:12Z" finished-at="2018-03-06T23:57:12Z">
          <reporter-output>
          </reporter-output>
        </test-method> <!-- testGetAllProductSortDesc -->
        <test-method status="PASS" signature="setupResponseSpecBuilder()[pri:0, instance:com.qa.test.GetCallProductTest@2acf57e3]" name="setupResponseSpecBuilder" is-config="true" duration-ms="1" started-at="2018-03-06T23:57:12Z" finished-at="2018-03-06T23:57:12Z">
          <reporter-output>
          </reporter-output>
        </test-method> <!-- setupResponseSpecBuilder -->
        <test-method status="PASS" signature="testGetAllProductSortAsec()[pri:0, instance:com.qa.test.GetCallProductTest@2acf57e3]" name="testGetAllProductSortAsec" duration-ms="335" started-at="2018-03-06T23:57:12Z" finished-at="2018-03-06T23:57:13Z">
          <reporter-output>
          </reporter-output>
        </test-method> <!-- testGetAllProductSortAsec -->
        <test-method status="PASS" signature="testGetAllProductButOnlyNameAndPrice()[pri:0, instance:com.qa.test.GetCallProductTest@2acf57e3]" name="testGetAllProductButOnlyNameAndPrice" duration-ms="62" started-at="2018-03-06T23:57:13Z" finished-at="2018-03-06T23:57:13Z">
          <reporter-output>
          </reporter-output>
        </test-method> <!-- testGetAllProductButOnlyNameAndPrice -->
        <test-method status="PASS" signature="setupResponseSpecBuilder()[pri:0, instance:com.qa.test.GetCallProductTest@2acf57e3]" name="setupResponseSpecBuilder" is-config="true" duration-ms="0" started-at="2018-03-06T23:57:13Z" finished-at="2018-03-06T23:57:13Z">
          <reporter-output>
          </reporter-output>
        </test-method> <!-- setupResponseSpecBuilder -->
        <test-method status="PASS" signature="testGetAllProductSelectByType()[pri:0, instance:com.qa.test.GetCallProductTest@2acf57e3]" name="testGetAllProductSelectByType" duration-ms="268" started-at="2018-03-06T23:57:13Z" finished-at="2018-03-06T23:57:13Z">
          <reporter-output>
          </reporter-output>
        </test-method> <!-- testGetAllProductSelectByType -->
        <test-method status="PASS" signature="setupResponseSpecBuilder()[pri:0, instance:com.qa.test.GetCallProductTest@2acf57e3]" name="setupResponseSpecBuilder" is-config="true" duration-ms="0" started-at="2018-03-06T23:57:13Z" finished-at="2018-03-06T23:57:13Z">
          <reporter-output>
          </reporter-output>
        </test-method> <!-- setupResponseSpecBuilder -->
        <test-method status="PASS" signature="setupResponseSpecBuilder()[pri:0, instance:com.qa.test.GetCallProductTest@2acf57e3]" name="setupResponseSpecBuilder" is-config="true" duration-ms="0" started-at="2018-03-06T23:57:13Z" finished-at="2018-03-06T23:57:13Z">
          <reporter-output>
          </reporter-output>
        </test-method> <!-- setupResponseSpecBuilder -->
        <test-method status="PASS" signature="testGetAllProductPricelte1()[pri:0, instance:com.qa.test.GetCallProductTest@2acf57e3]" name="testGetAllProductPricelte1" duration-ms="84" started-at="2018-03-06T23:57:13Z" finished-at="2018-03-06T23:57:13Z">
          <reporter-output>
          </reporter-output>
        </test-method> <!-- testGetAllProductPricelte1 -->
        <test-method status="PASS" signature="setupResponseSpecBuilder()[pri:0, instance:com.qa.test.GetCallProductTest@2acf57e3]" name="setupResponseSpecBuilder" is-config="true" duration-ms="1" started-at="2018-03-06T23:57:13Z" finished-at="2018-03-06T23:57:13Z">
          <reporter-output>
          </reporter-output>
        </test-method> <!-- setupResponseSpecBuilder -->
        <test-method status="PASS" signature="testGetAllProductNameHavingStarWarsAndPriceLT30()[pri:0, instance:com.qa.test.GetCallProductTest@2acf57e3]" name="testGetAllProductNameHavingStarWarsAndPriceLT30" duration-ms="83" started-at="2018-03-06T23:57:13Z" finished-at="2018-03-06T23:57:13Z">
          <reporter-output>
          </reporter-output>
        </test-method> <!-- testGetAllProductNameHavingStarWarsAndPriceLT30 -->
        <test-method status="PASS" signature="setupResponseSpecBuilder()[pri:0, instance:com.qa.test.GetCallProductTest@2acf57e3]" name="setupResponseSpecBuilder" is-config="true" duration-ms="0" started-at="2018-03-06T23:57:13Z" finished-at="2018-03-06T23:57:13Z">
          <reporter-output>
          </reporter-output>
        </test-method> <!-- setupResponseSpecBuilder -->
        <test-method status="PASS" signature="testGetAllProductWithPriceEitherOR()[pri:0, instance:com.qa.test.GetCallProductTest@2acf57e3]" name="testGetAllProductWithPriceEitherOR" duration-ms="75" started-at="2018-03-06T23:57:13Z" finished-at="2018-03-06T23:57:13Z">
          <reporter-output>
          </reporter-output>
        </test-method> <!-- testGetAllProductWithPriceEitherOR -->
        <test-method status="PASS" signature="setupResponseSpecBuilder()[pri:0, instance:com.qa.test.GetCallProductTest@2acf57e3]" name="setupResponseSpecBuilder" is-config="true" duration-ms="1" started-at="2018-03-06T23:57:13Z" finished-at="2018-03-06T23:57:13Z">
          <reporter-output>
          </reporter-output>
        </test-method> <!-- setupResponseSpecBuilder -->
        <test-method status="PASS" signature="testGetAllProductWithPriceGT10()[pri:0, instance:com.qa.test.GetCallProductTest@2acf57e3]" name="testGetAllProductWithPriceGT10" duration-ms="76" started-at="2018-03-06T23:57:13Z" finished-at="2018-03-06T23:57:13Z">
          <reporter-output>
          </reporter-output>
        </test-method> <!-- testGetAllProductWithPriceGT10 -->
        <test-method status="PASS" signature="setupResponseSpecBuilder()[pri:0, instance:com.qa.test.GetCallProductTest@2acf57e3]" name="setupResponseSpecBuilder" is-config="true" duration-ms="1" started-at="2018-03-06T23:57:13Z" finished-at="2018-03-06T23:57:13Z">
          <reporter-output>
          </reporter-output>
        </test-method> <!-- setupResponseSpecBuilder -->
        <test-method status="PASS" signature="testGetAllProductTypeNeitherNor()[pri:0, instance:com.qa.test.GetCallProductTest@2acf57e3]" name="testGetAllProductTypeNeitherNor" duration-ms="95" started-at="2018-03-06T23:57:13Z" finished-at="2018-03-06T23:57:13Z">
          <reporter-output>
          </reporter-output>
        </test-method> <!-- testGetAllProductTypeNeitherNor -->
        <test-method status="PASS" signature="setupResponseSpecBuilder()[pri:0, instance:com.qa.test.GetCallProductTest@2acf57e3]" name="setupResponseSpecBuilder" is-config="true" duration-ms="1" started-at="2018-03-06T23:57:13Z" finished-at="2018-03-06T23:57:13Z">
          <reporter-output>
          </reporter-output>
        </test-method> <!-- setupResponseSpecBuilder -->
        <test-method status="PASS" signature="testGetAllProductCategoryNameCoffeePods()[pri:0, instance:com.qa.test.GetCallProductTest@2acf57e3]" name="testGetAllProductCategoryNameCoffeePods" duration-ms="343" started-at="2018-03-06T23:57:13Z" finished-at="2018-03-06T23:57:14Z">
          <reporter-output>
          </reporter-output>
        </test-method> <!-- testGetAllProductCategoryNameCoffeePods -->
        <test-method status="PASS" signature="setupResponseSpecBuilder()[pri:0, instance:com.qa.test.GetCallProductTest@2acf57e3]" name="setupResponseSpecBuilder" is-config="true" duration-ms="1" started-at="2018-03-06T23:57:14Z" finished-at="2018-03-06T23:57:14Z">
          <reporter-output>
          </reporter-output>
        </test-method> <!-- setupResponseSpecBuilder -->
        <test-method status="PASS" signature="testGetAllProductByLimitAndSkip()[pri:0, instance:com.qa.test.GetCallProductTest@2acf57e3]" name="testGetAllProductByLimitAndSkip" duration-ms="276" started-at="2018-03-06T23:57:14Z" finished-at="2018-03-06T23:57:14Z">
          <reporter-output>
          </reporter-output>
        </test-method> <!-- testGetAllProductByLimitAndSkip -->
        <test-method status="PASS" signature="setupResponseSpecBuilder()[pri:0, instance:com.qa.test.GetCallProductTest@2acf57e3]" name="setupResponseSpecBuilder" is-config="true" duration-ms="1" started-at="2018-03-06T23:57:14Z" finished-at="2018-03-06T23:57:14Z">
          <reporter-output>
          </reporter-output>
        </test-method> <!-- setupResponseSpecBuilder -->
        <test-method status="PASS" signature="testGetAllProductByCategoryID()[pri:0, instance:com.qa.test.GetCallProductTest@2acf57e3]" name="testGetAllProductByCategoryID" duration-ms="75" started-at="2018-03-06T23:57:14Z" finished-at="2018-03-06T23:57:14Z">
          <reporter-output>
          </reporter-output>
        </test-method> <!-- testGetAllProductByCategoryID -->
      </class> <!-- com.qa.test.GetCallProductTest -->
    </test> <!-- Regression -->
  </suite> <!-- Suite -->
</testng-results>
