<?xml version="1.0" encoding="UTF-8"?>
<testsuite xmlns:xsi="http://www.w3.org/2001/XMLSchema-instance" xsi:schemaLocation="https://maven.apache.org/surefire/maven-surefire-plugin/xsd/surefire-test-report.xsd" name="TestSuite" time="7.186" tests="21" errors="0" skipped="0" failures="0">
  <properties>
[...]
</properties>
  <testcase name="healthCheck" classname="com.qa.test.ServerHealthCheckTest" time="1.331"/>
  <testcase name="versionInfo" classname="com.qa.test.ServerVersionInfoTest" time="0.019"/>
  <testcase name="testGetProductById" classname="com.qa.test.GetCallProductTest" time="0.608"/>
  <testcase name="testGetAllProduct" classname="com.qa.test.GetCallProductTest" time="0.351"/>
  <testcase name="testGetAllProductWithLimit" classname="com.qa.test.GetCallProductTest" time="0.278"/>
  <testcase name="testGetAllProductSkipByThResult" classname="com.qa.test.GetCallProductTest" time="0.32"/>
  <testcase name="testGetAllProductSortDesc" classname="com.qa.test.GetCallProductTest" time="0.388"/>
  <testcase name="testGetAllProductSortAsec" classname="com.qa.test.GetCallProductTest" time="0.342"/>
  <testcase name="testGetAllProductButOnlyNameAndPrice" classname="com.qa.test.GetCallProductTest" time="0.053"/>
  <testcase name="testGetAllProductSelectByType" classname="com.qa.test.GetCallProductTest" time="0.291"/>
  <testcase name="testGetAllProductPricelte1" classname="com.qa.test.GetCallProductTest" time="0.086"/>
  <testcase name="testGetAllProductNameHavingStarWarsAndPriceLT30" classname="com.qa.test.GetCallProductTest" time="0.062"/>
  <testcase name="testGetAllProductWithPriceEitherOR" classname="com.qa.test.GetCallProductTest" time="0.085"/>
  <testcase name="testGetAllProductWithPriceGT10" classname="com.qa.test.GetCallProductTest" time="0.069"/>
  <testcase name="testGetAllProductTypeNeitherNor" classname="com.qa.test.GetCallProductTest" time="0.096"/>
  <testcase name="testGetAllProductCategoryNameCoffeePods" classname="com.qa.test.GetCallProductTest" time="0.368"/>
  <testcase name="testGetAllProductByLimitAndSkip" classname="com.qa.test.GetCallProductTest" time="0.253"/>
  <testcase name="testGetAllProductByCategoryID" classname="com.qa.test.GetCallProductTest" time="0.121"/>
  <testcase name="postCallProduct" classname="com.qa.test.PostCallProductTest" time="0.291"/>
  <testcase name="putCallProduct" classname="com.qa.test.PutCallProductTest" time="0.185"/>
  <testcase name="testDelete" classname="com.qa.test.DeleteCallProduct" time="0.177"/>
</testsuite>